[0.101s] DEBUG:colcon:Command line arguments: ['/usr/bin/colcon', 'build', '--symlink-install']
[0.101s] DEBUG:colcon:Parsed command line arguments: Namespace(log_base=None, log_level=None, verb_name='build', build_base='build', install_base='install', merge_install=False, symlink_install=True, test_result_base=None, continue_on_error=False, executor='parallel', parallel_workers=16, event_handlers=None, ignore_user_meta=False, metas=['./colcon.meta'], base_paths=['.'], packages_ignore=None, packages_ignore_regex=None, paths=None, packages_up_to=None, packages_up_to_regex=None, packages_above=None, packages_above_and_dependencies=None, packages_above_depth=None, packages_select_by_dep=None, packages_skip_by_dep=None, packages_skip_up_to=None, packages_select_build_failed=False, packages_skip_build_finished=False, packages_select_test_failures=False, packages_skip_test_passed=False, packages_select=None, packages_skip=None, packages_select_regex=None, packages_skip_regex=None, packages_start=None, packages_end=None, allow_overriding=[], cmake_args=None, cmake_target=None, cmake_target_skip_unavailable=False, cmake_clean_cache=False, cmake_clean_first=False, cmake_force_configure=False, ament_cmake_args=None, catkin_cmake_args=None, catkin_skip_building_tests=False, mixin_files=None, mixin=None, verb_parser=<colcon_mixin.mixin.mixin_argument.MixinArgumentDecorator object at 0x7b2eb6694b60>, verb_extension=<colcon_core.verb.build.BuildVerb object at 0x7b2eb6694800>, main=<bound method BuildVerb.main of <colcon_core.verb.build.BuildVerb object at 0x7b2eb6694800>>, mixin_verb=('build',))
[0.135s] Level 1:colcon.colcon_core.package_discovery:discover_packages(colcon_meta) check parameters
[0.135s] Level 1:colcon.colcon_core.package_discovery:discover_packages(recursive) check parameters
[0.135s] Level 1:colcon.colcon_core.package_discovery:discover_packages(ignore) check parameters
[0.135s] Level 1:colcon.colcon_core.package_discovery:discover_packages(path) check parameters
[0.135s] Level 1:colcon.colcon_core.package_discovery:discover_packages(colcon_meta) discover
[0.135s] Level 1:colcon.colcon_core.package_discovery:discover_packages(recursive) discover
[0.135s] INFO:colcon.colcon_core.package_discovery:Crawling recursively for packages in '/home/nik/prj/src/ros_mt'
[0.135s] Level 1:colcon.colcon_core.package_identification:_identify(.) by extensions ['ignore', 'ignore_ament_install']
[0.135s] Level 1:colcon.colcon_core.package_identification:_identify(.) by extension 'ignore'
[0.135s] Level 1:colcon.colcon_core.package_identification:_identify(.) by extension 'ignore_ament_install'
[0.136s] Level 1:colcon.colcon_core.package_identification:_identify(.) by extensions ['colcon_pkg']
[0.136s] Level 1:colcon.colcon_core.package_identification:_identify(.) by extension 'colcon_pkg'
[0.136s] Level 1:colcon.colcon_core.package_identification:_identify(.) by extensions ['colcon_meta']
[0.136s] Level 1:colcon.colcon_core.package_identification:_identify(.) by extension 'colcon_meta'
[0.136s] Level 1:colcon.colcon_core.package_identification:_identify(.) by extensions ['ros']
[0.136s] Level 1:colcon.colcon_core.package_identification:_identify(.) by extension 'ros'
[0.159s] DEBUG:colcon.colcon_core.package_identification:Package '.' with type 'ros.ament_cmake' and name 'ros_mt'
[0.159s] Level 1:colcon.colcon_core.package_discovery:discover_packages(recursive) using defaults
[0.159s] Level 1:colcon.colcon_core.package_discovery:discover_packages(ignore) discover
[0.159s] Level 1:colcon.colcon_core.package_discovery:discover_packages(ignore) using defaults
[0.159s] Level 1:colcon.colcon_core.package_discovery:discover_packages(path) discover
[0.159s] Level 1:colcon.colcon_core.package_discovery:discover_packages(path) using defaults
[0.174s] Level 1:colcon.colcon_core.package_discovery:discover_packages(prefix_path) check parameters
[0.174s] Level 1:colcon.colcon_core.package_discovery:discover_packages(prefix_path) discover
[0.176s] DEBUG:colcon.colcon_installed_package_information.package_discovery:Found 0 installed packages in /home/nik/gazebo_ws/install
[0.178s] DEBUG:colcon.colcon_installed_package_information.package_discovery:Found 353 installed packages in /opt/ros/jazzy
[0.179s] Level 1:colcon.colcon_core.package_discovery:discover_packages(prefix_path) using defaults
[0.222s] Level 5:colcon.colcon_core.verb:set package 'ros_mt' build argument 'cmake_args' from command line to 'None'
[0.222s] Level 5:colcon.colcon_core.verb:set package 'ros_mt' build argument 'cmake_target' from command line to 'None'
[0.222s] Level 5:colcon.colcon_core.verb:set package 'ros_mt' build argument 'cmake_target_skip_unavailable' from command line to 'False'
[0.222s] Level 5:colcon.colcon_core.verb:set package 'ros_mt' build argument 'cmake_clean_cache' from command line to 'False'
[0.223s] Level 5:colcon.colcon_core.verb:set package 'ros_mt' build argument 'cmake_clean_first' from command line to 'False'
[0.223s] Level 5:colcon.colcon_core.verb:set package 'ros_mt' build argument 'cmake_force_configure' from command line to 'False'
[0.223s] Level 5:colcon.colcon_core.verb:set package 'ros_mt' build argument 'ament_cmake_args' from command line to 'None'
[0.223s] Level 5:colcon.colcon_core.verb:set package 'ros_mt' build argument 'catkin_cmake_args' from command line to 'None'
[0.223s] Level 5:colcon.colcon_core.verb:set package 'ros_mt' build argument 'catkin_skip_building_tests' from command line to 'False'
[0.223s] DEBUG:colcon.colcon_core.verb:Building package 'ros_mt' with the following arguments: {'ament_cmake_args': None, 'build_base': '/home/nik/prj/src/ros_mt/build/ros_mt', 'catkin_cmake_args': None, 'catkin_skip_building_tests': False, 'cmake_args': None, 'cmake_clean_cache': False, 'cmake_clean_first': False, 'cmake_force_configure': False, 'cmake_target': None, 'cmake_target_skip_unavailable': False, 'install_base': '/home/nik/prj/src/ros_mt/install/ros_mt', 'merge_install': False, 'path': '/home/nik/prj/src/ros_mt', 'symlink_install': True, 'test_result_base': None}
[0.223s] INFO:colcon.colcon_core.executor:Executing jobs using 'parallel' executor
[0.224s] DEBUG:colcon.colcon_parallel_executor.executor.parallel:run_until_complete
[0.224s] INFO:colcon.colcon_ros.task.ament_cmake.build:Building ROS package in '/home/nik/prj/src/ros_mt' with build type 'ament_cmake'
[0.224s] INFO:colcon.colcon_cmake.task.cmake.build:Building CMake package in '/home/nik/prj/src/ros_mt'
[0.227s] INFO:colcon.colcon_core.plugin_system:Skipping extension 'colcon_core.shell.bat': Not used on non-Windows systems
[0.227s] INFO:colcon.colcon_core.shell:Skip shell extension 'powershell' for command environment: Not usable outside of PowerShell
[0.227s] DEBUG:colcon.colcon_core.shell:Skip shell extension 'dsv' for command environment
[0.234s] DEBUG:colcon.colcon_core.event_handler.log_command:Invoking command in '/home/nik/prj/src/ros_mt/build/ros_mt': CMAKE_PREFIX_PATH=${CMAKE_PREFIX_PATH}:/opt/ros/jazzy DEBUGINFOD_URLS=https://debuginfod.ubuntu.com /usr/bin/cmake /home/nik/prj/src/ros_mt -DAMENT_CMAKE_SYMLINK_INSTALL=1 -DCMAKE_INSTALL_PREFIX=/home/nik/prj/src/ros_mt/install/ros_mt
[1.157s] DEBUG:colcon.colcon_core.event_handler.log_command:Invoked command in '/home/nik/prj/src/ros_mt/build/ros_mt' returned '0': CMAKE_PREFIX_PATH=${CMAKE_PREFIX_PATH}:/opt/ros/jazzy DEBUGINFOD_URLS=https://debuginfod.ubuntu.com /usr/bin/cmake /home/nik/prj/src/ros_mt -DAMENT_CMAKE_SYMLINK_INSTALL=1 -DCMAKE_INSTALL_PREFIX=/home/nik/prj/src/ros_mt/install/ros_mt
[1.159s] DEBUG:colcon.colcon_core.event_handler.log_command:Invoking command in '/home/nik/prj/src/ros_mt/build/ros_mt': CMAKE_PREFIX_PATH=${CMAKE_PREFIX_PATH}:/opt/ros/jazzy DEBUGINFOD_URLS=https://debuginfod.ubuntu.com /usr/bin/cmake --build /home/nik/prj/src/ros_mt/build/ros_mt -- -j16 -l16
[1.203s] DEBUG:colcon.colcon_core.event_handler.log_command:Invoked command in '/home/nik/prj/src/ros_mt/build/ros_mt' returned '0': CMAKE_PREFIX_PATH=${CMAKE_PREFIX_PATH}:/opt/ros/jazzy DEBUGINFOD_URLS=https://debuginfod.ubuntu.com /usr/bin/cmake --build /home/nik/prj/src/ros_mt/build/ros_mt -- -j16 -l16
[1.214s] DEBUG:colcon.colcon_core.event_handler.log_command:Invoking command in '/home/nik/prj/src/ros_mt/build/ros_mt': CMAKE_PREFIX_PATH=${CMAKE_PREFIX_PATH}:/opt/ros/jazzy DEBUGINFOD_URLS=https://debuginfod.ubuntu.com /usr/bin/cmake --install /home/nik/prj/src/ros_mt/build/ros_mt
[1.714s] Level 1:colcon.colcon_core.environment:create_environment_scripts_only(ros_mt)
[1.715s] DEBUG:colcon.colcon_core.event_handler.log_command:Invoked command in '/home/nik/prj/src/ros_mt/build/ros_mt' returned '0': CMAKE_PREFIX_PATH=${CMAKE_PREFIX_PATH}:/opt/ros/jazzy DEBUGINFOD_URLS=https://debuginfod.ubuntu.com /usr/bin/cmake --install /home/nik/prj/src/ros_mt/build/ros_mt
[1.718s] Level 1:colcon.colcon_core.environment:checking '/home/nik/prj/src/ros_mt/install/ros_mt' for CMake module files
[1.719s] Level 1:colcon.colcon_core.environment:checking '/home/nik/prj/src/ros_mt/install/ros_mt' for CMake config files
[1.719s] Level 1:colcon.colcon_core.shell:create_environment_hook('ros_mt', 'cmake_prefix_path')
[1.720s] INFO:colcon.colcon_core.shell:Creating environment hook '/home/nik/prj/src/ros_mt/install/ros_mt/share/ros_mt/hook/cmake_prefix_path.ps1'
[1.720s] INFO:colcon.colcon_core.shell:Creating environment descriptor '/home/nik/prj/src/ros_mt/install/ros_mt/share/ros_mt/hook/cmake_prefix_path.dsv'
[1.721s] INFO:colcon.colcon_core.shell:Creating environment hook '/home/nik/prj/src/ros_mt/install/ros_mt/share/ros_mt/hook/cmake_prefix_path.sh'
[1.721s] Level 1:colcon.colcon_core.environment:checking '/home/nik/prj/src/ros_mt/install/ros_mt/bin'
[1.721s] Level 1:colcon.colcon_core.environment:checking '/home/nik/prj/src/ros_mt/install/ros_mt/lib/pkgconfig/ros_mt.pc'
[1.722s] Level 1:colcon.colcon_core.environment:checking '/home/nik/prj/src/ros_mt/install/ros_mt/lib/python3.12/site-packages'
[1.722s] Level 1:colcon.colcon_core.environment:checking '/home/nik/prj/src/ros_mt/install/ros_mt/bin'
[1.722s] INFO:colcon.colcon_core.shell:Creating package script '/home/nik/prj/src/ros_mt/install/ros_mt/share/ros_mt/package.ps1'
[1.723s] INFO:colcon.colcon_core.shell:Creating package descriptor '/home/nik/prj/src/ros_mt/install/ros_mt/share/ros_mt/package.dsv'
[1.723s] INFO:colcon.colcon_core.shell:Creating package script '/home/nik/prj/src/ros_mt/install/ros_mt/share/ros_mt/package.sh'
[1.724s] INFO:colcon.colcon_core.shell:Creating package script '/home/nik/prj/src/ros_mt/install/ros_mt/share/ros_mt/package.bash'
[1.725s] INFO:colcon.colcon_core.shell:Creating package script '/home/nik/prj/src/ros_mt/install/ros_mt/share/ros_mt/package.zsh'
[1.725s] Level 1:colcon.colcon_core.environment:create_file_with_runtime_dependencies(/home/nik/prj/src/ros_mt/install/ros_mt/share/colcon-core/packages/ros_mt)
[1.726s] Level 1:colcon.colcon_core.environment:create_environment_scripts_only(ros_mt)
[1.726s] Level 1:colcon.colcon_core.environment:checking '/home/nik/prj/src/ros_mt/install/ros_mt' for CMake module files
[1.727s] Level 1:colcon.colcon_core.environment:checking '/home/nik/prj/src/ros_mt/install/ros_mt' for CMake config files
[1.727s] Level 1:colcon.colcon_core.shell:create_environment_hook('ros_mt', 'cmake_prefix_path')
[1.727s] INFO:colcon.colcon_core.shell:Creating environment hook '/home/nik/prj/src/ros_mt/install/ros_mt/share/ros_mt/hook/cmake_prefix_path.ps1'
[1.728s] INFO:colcon.colcon_core.shell:Creating environment descriptor '/home/nik/prj/src/ros_mt/install/ros_mt/share/ros_mt/hook/cmake_prefix_path.dsv'
[1.728s] INFO:colcon.colcon_core.shell:Creating environment hook '/home/nik/prj/src/ros_mt/install/ros_mt/share/ros_mt/hook/cmake_prefix_path.sh'
[1.729s] Level 1:colcon.colcon_core.environment:checking '/home/nik/prj/src/ros_mt/install/ros_mt/bin'
[1.729s] Level 1:colcon.colcon_core.environment:checking '/home/nik/prj/src/ros_mt/install/ros_mt/lib/pkgconfig/ros_mt.pc'
[1.729s] Level 1:colcon.colcon_core.environment:checking '/home/nik/prj/src/ros_mt/install/ros_mt/lib/python3.12/site-packages'
[1.730s] Level 1:colcon.colcon_core.environment:checking '/home/nik/prj/src/ros_mt/install/ros_mt/bin'
[1.730s] INFO:colcon.colcon_core.shell:Creating package script '/home/nik/prj/src/ros_mt/install/ros_mt/share/ros_mt/package.ps1'
[1.731s] INFO:colcon.colcon_core.shell:Creating package descriptor '/home/nik/prj/src/ros_mt/install/ros_mt/share/ros_mt/package.dsv'
[1.731s] INFO:colcon.colcon_core.shell:Creating package script '/home/nik/prj/src/ros_mt/install/ros_mt/share/ros_mt/package.sh'
[1.732s] INFO:colcon.colcon_core.shell:Creating package script '/home/nik/prj/src/ros_mt/install/ros_mt/share/ros_mt/package.bash'
[1.732s] INFO:colcon.colcon_core.shell:Creating package script '/home/nik/prj/src/ros_mt/install/ros_mt/share/ros_mt/package.zsh'
[1.733s] Level 1:colcon.colcon_core.environment:create_file_with_runtime_dependencies(/home/nik/prj/src/ros_mt/install/ros_mt/share/colcon-core/packages/ros_mt)
[1.733s] DEBUG:colcon.colcon_parallel_executor.executor.parallel:closing loop
[1.733s] DEBUG:colcon.colcon_parallel_executor.executor.parallel:loop closed
[1.733s] DEBUG:colcon.colcon_parallel_executor.executor.parallel:run_until_complete finished with '0'
[1.733s] DEBUG:colcon.colcon_core.event_reactor:joining thread
[1.739s] INFO:colcon.colcon_core.plugin_system:Skipping extension 'colcon_notification.desktop_notification.terminal_notifier': Not used on non-Darwin systems
[1.739s] INFO:colcon.colcon_core.plugin_system:Skipping extension 'colcon_notification.desktop_notification.win32': Not used on non-Windows systems
[1.739s] INFO:colcon.colcon_notification.desktop_notification:Sending desktop notification using 'notify2'
[1.765s] DEBUG:colcon.colcon_core.event_reactor:joined thread
[1.765s] INFO:colcon.colcon_core.shell:Creating prefix script '/home/nik/prj/src/ros_mt/install/local_setup.ps1'
[1.766s] INFO:colcon.colcon_core.shell:Creating prefix util module '/home/nik/prj/src/ros_mt/install/_local_setup_util_ps1.py'
[1.767s] INFO:colcon.colcon_core.shell:Creating prefix chain script '/home/nik/prj/src/ros_mt/install/setup.ps1'
[1.768s] INFO:colcon.colcon_core.shell:Creating prefix script '/home/nik/prj/src/ros_mt/install/local_setup.sh'
[1.769s] INFO:colcon.colcon_core.shell:Creating prefix util module '/home/nik/prj/src/ros_mt/install/_local_setup_util_sh.py'
[1.769s] INFO:colcon.colcon_core.shell:Creating prefix chain script '/home/nik/prj/src/ros_mt/install/setup.sh'
[1.771s] INFO:colcon.colcon_core.shell:Creating prefix script '/home/nik/prj/src/ros_mt/install/local_setup.bash'
[1.771s] INFO:colcon.colcon_core.shell:Creating prefix chain script '/home/nik/prj/src/ros_mt/install/setup.bash'
[1.773s] INFO:colcon.colcon_core.shell:Creating prefix script '/home/nik/prj/src/ros_mt/install/local_setup.zsh'
[1.773s] INFO:colcon.colcon_core.shell:Creating prefix chain script '/home/nik/prj/src/ros_mt/install/setup.zsh'
