[0.010s] Invoking command in '/home/nik/prj/src/ros_mt/build/ros_mt': CMAKE_PREFIX_PATH=${CMAKE_PREFIX_PATH}:/opt/ros/jazzy DEBUGINFOD_URLS=https://debuginfod.ubuntu.com /usr/bin/cmake /home/nik/prj/src/ros_mt -DCMAKE_INSTALL_PREFIX=/home/nik/prj/src/ros_mt/install/ros_mt
[0.024s] -- Found ament_cmake: 2.5.3 (/opt/ros/jazzy/share/ament_cmake/cmake)
[0.213s] -- Override CMake install command with custom implementation using symlinks instead of copying resources
[0.221s] -- Found ament_lint_auto: 0.17.1 (/opt/ros/jazzy/share/ament_lint_auto/cmake)
[0.307s] -- Added test 'copyright' to check source files copyright and LICENSE
[0.328s] -- Added test 'cppcheck' to perform static code analysis on C / C++ code
[0.328s] -- Configured cppcheck include dirs: 
[0.328s] -- Configured cppcheck exclude dirs and/or files: 
[0.349s] -- Added test 'cpplint' to check C / C++ code against the Google style
[0.349s] -- Configured cpplint exclude dirs and/or files: 
[0.352s] -- Added test 'flake8' to check Python code syntax and style conventions
[0.352s] -- Configured 'flake8' exclude dirs and/or files: 
[0.357s] -- Added test 'lint_cmake' to check CMake code style
[0.360s] -- Added test 'pep257' to check Python code against some of the docstring style conventions in PEP 257
[0.381s] -- Added test 'uncrustify' to check C / C++ code style
[0.381s] -- Configured uncrustify additional arguments: 
[0.384s] -- Added test 'xmllint' to check XML markup files
[0.385s] -- Configuring done (0.4s)
[0.389s] -- Generating done (0.0s)
[0.391s] -- Build files have been written to: /home/nik/prj/src/ros_mt/build/ros_mt
[0.395s] Invoked command in '/home/nik/prj/src/ros_mt/build/ros_mt' returned '0': CMAKE_PREFIX_PATH=${CMAKE_PREFIX_PATH}:/opt/ros/jazzy DEBUGINFOD_URLS=https://debuginfod.ubuntu.com /usr/bin/cmake /home/nik/prj/src/ros_mt -DCMAKE_INSTALL_PREFIX=/home/nik/prj/src/ros_mt/install/ros_mt
[0.396s] Invoking command in '/home/nik/prj/src/ros_mt/build/ros_mt': CMAKE_PREFIX_PATH=${CMAKE_PREFIX_PATH}:/opt/ros/jazzy DEBUGINFOD_URLS=https://debuginfod.ubuntu.com /usr/bin/cmake --build /home/nik/prj/src/ros_mt/build/ros_mt -- -j16 -l16
[0.441s] Invoked command in '/home/nik/prj/src/ros_mt/build/ros_mt' returned '0': CMAKE_PREFIX_PATH=${CMAKE_PREFIX_PATH}:/opt/ros/jazzy DEBUGINFOD_URLS=https://debuginfod.ubuntu.com /usr/bin/cmake --build /home/nik/prj/src/ros_mt/build/ros_mt -- -j16 -l16
[0.452s] Invoking command in '/home/nik/prj/src/ros_mt/build/ros_mt': CMAKE_PREFIX_PATH=${CMAKE_PREFIX_PATH}:/opt/ros/jazzy DEBUGINFOD_URLS=https://debuginfod.ubuntu.com /usr/bin/cmake --install /home/nik/prj/src/ros_mt/build/ros_mt
[0.461s] -- Install configuration: ""
[0.462s] -- Execute custom install script
[0.462s] -- Up-to-date symlink: /home/nik/prj/src/ros_mt/install/ros_mt/share/ros_mt/config/config/controllers.yaml
[0.462s] -- Up-to-date symlink: /home/nik/prj/src/ros_mt/install/ros_mt/share/ros_mt/config/gz_bridge.yaml.yaml
[0.462s] -- Up-to-date symlink: /home/nik/prj/src/ros_mt/install/ros_mt/share/ros_mt/config/robot.rviz
[0.462s] -- Up-to-date symlink: /home/nik/prj/src/ros_mt/install/ros_mt/share/ros_mt/description/gazebo_control.xacro
[0.463s] -- Up-to-date symlink: /home/nik/prj/src/ros_mt/install/ros_mt/share/ros_mt/description/robot.urdf.xacro
[0.463s] -- Up-to-date symlink: /home/nik/prj/src/ros_mt/install/ros_mt/share/ros_mt/description/robot_model.xacro
[0.463s] [33mCMake Warning (dev) at ament_cmake_symlink_install/ament_cmake_symlink_install.cmake:62 (file):
[0.463s]   Policy CMP0009 is not set: FILE GLOB_RECURSE calls should not follow
[0.463s]   symlinks by default.  Run "cmake --help-policy CMP0009" for policy details.
[0.463s]   Use the cmake_policy command to set the policy and suppress this warning.
[0.463s] Call Stack (most recent call first):
[0.463s]   ament_cmake_symlink_install/ament_cmake_symlink_install.cmake:314 (ament_cmake_symlink_install_directory)
[0.464s]   cmake_install.cmake:46 (include)
[0.464s] This warning is for project developers.  Use -Wno-dev to suppress it.
[0.464s] [0m
[0.464s] -- Up-to-date symlink: /home/nik/prj/src/ros_mt/install/ros_mt/share/ros_mt/launch/build/.built_by
[0.464s] -- Up-to-date symlink: /home/nik/prj/src/ros_mt/install/ros_mt/share/ros_mt/launch/build/COLCON_IGNORE
[0.464s] -- Up-to-date symlink: /home/nik/prj/src/ros_mt/install/ros_mt/share/ros_mt/launch/install/.colcon_install_layout
[0.464s] -- Up-to-date symlink: /home/nik/prj/src/ros_mt/install/ros_mt/share/ros_mt/launch/install/COLCON_IGNORE
[0.464s] -- Up-to-date symlink: /home/nik/prj/src/ros_mt/install/ros_mt/share/ros_mt/launch/install/_local_setup_util_ps1.py
[0.464s] -- Up-to-date symlink: /home/nik/prj/src/ros_mt/install/ros_mt/share/ros_mt/launch/install/_local_setup_util_sh.py
[0.465s] -- Up-to-date symlink: /home/nik/prj/src/ros_mt/install/ros_mt/share/ros_mt/launch/install/local_setup.bash
[0.465s] -- Up-to-date symlink: /home/nik/prj/src/ros_mt/install/ros_mt/share/ros_mt/launch/install/local_setup.ps1
[0.465s] -- Up-to-date symlink: /home/nik/prj/src/ros_mt/install/ros_mt/share/ros_mt/launch/install/local_setup.sh
[0.465s] -- Up-to-date symlink: /home/nik/prj/src/ros_mt/install/ros_mt/share/ros_mt/launch/install/local_setup.zsh
[0.465s] -- Up-to-date symlink: /home/nik/prj/src/ros_mt/install/ros_mt/share/ros_mt/launch/install/setup.bash
[0.465s] -- Up-to-date symlink: /home/nik/prj/src/ros_mt/install/ros_mt/share/ros_mt/launch/install/setup.ps1
[0.465s] -- Up-to-date symlink: /home/nik/prj/src/ros_mt/install/ros_mt/share/ros_mt/launch/install/setup.sh
[0.465s] -- Up-to-date symlink: /home/nik/prj/src/ros_mt/install/ros_mt/share/ros_mt/launch/install/setup.zsh
[0.466s] -- Up-to-date symlink: /home/nik/prj/src/ros_mt/install/ros_mt/share/ros_mt/launch/launch_sim
[0.466s] -- Up-to-date symlink: /home/nik/prj/src/ros_mt/install/ros_mt/share/ros_mt/launch/launch_sim.launch.py
[0.466s] -- Up-to-date symlink: /home/nik/prj/src/ros_mt/install/ros_mt/share/ros_mt/launch/log/COLCON_IGNORE
[0.466s] -- Up-to-date symlink: /home/nik/prj/src/ros_mt/install/ros_mt/share/ros_mt/launch/log/build_2025-02-04_14-25-50/events.log
[0.466s] -- Up-to-date symlink: /home/nik/prj/src/ros_mt/install/ros_mt/share/ros_mt/launch/log/build_2025-02-04_14-25-50/logger_all.log
[0.466s] -- Up-to-date symlink: /home/nik/prj/src/ros_mt/install/ros_mt/share/ros_mt/launch/log/build_2025-02-04_14-26-50/events.log
[0.466s] -- Up-to-date symlink: /home/nik/prj/src/ros_mt/install/ros_mt/share/ros_mt/launch/log/build_2025-02-04_14-26-50/logger_all.log
[0.467s] -- Up-to-date symlink: /home/nik/prj/src/ros_mt/install/ros_mt/share/ros_mt/launch/log/latest_build/events.log
[0.467s] -- Up-to-date symlink: /home/nik/prj/src/ros_mt/install/ros_mt/share/ros_mt/launch/log/latest_build/logger_all.log
[0.467s] -- Up-to-date symlink: /home/nik/prj/src/ros_mt/install/ros_mt/share/ros_mt/launch/rsp.launch.py
[0.467s] -- Up-to-date symlink: /home/nik/prj/src/ros_mt/install/ros_mt/share/ros_mt/worlds/empty.world
[0.467s] -- Up-to-date symlink: /home/nik/prj/src/ros_mt/install/ros_mt/share/ament_index/resource_index/package_run_dependencies/ros_mt
[0.467s] -- Up-to-date symlink: /home/nik/prj/src/ros_mt/install/ros_mt/share/ament_index/resource_index/parent_prefix_path/ros_mt
[0.467s] -- Up-to-date symlink: /home/nik/prj/src/ros_mt/install/ros_mt/share/ros_mt/environment/ament_prefix_path.sh
[0.467s] -- Up-to-date symlink: /home/nik/prj/src/ros_mt/install/ros_mt/share/ros_mt/environment/ament_prefix_path.dsv
[0.468s] -- Up-to-date symlink: /home/nik/prj/src/ros_mt/install/ros_mt/share/ros_mt/environment/path.sh
[0.468s] -- Up-to-date symlink: /home/nik/prj/src/ros_mt/install/ros_mt/share/ros_mt/environment/path.dsv
[0.468s] -- Up-to-date symlink: /home/nik/prj/src/ros_mt/install/ros_mt/share/ros_mt/local_setup.bash
[0.468s] -- Up-to-date symlink: /home/nik/prj/src/ros_mt/install/ros_mt/share/ros_mt/local_setup.sh
[0.468s] -- Up-to-date symlink: /home/nik/prj/src/ros_mt/install/ros_mt/share/ros_mt/local_setup.zsh
[0.468s] -- Up-to-date symlink: /home/nik/prj/src/ros_mt/install/ros_mt/share/ros_mt/local_setup.dsv
[0.468s] -- Symlinking: /home/nik/prj/src/ros_mt/install/ros_mt/share/ros_mt/package.dsv
[0.478s] -- Up-to-date symlink: /home/nik/prj/src/ros_mt/install/ros_mt/share/ament_index/resource_index/packages/ros_mt
[0.479s] -- Up-to-date symlink: /home/nik/prj/src/ros_mt/install/ros_mt/share/ros_mt/cmake/ros_mtConfig.cmake
[0.479s] -- Up-to-date symlink: /home/nik/prj/src/ros_mt/install/ros_mt/share/ros_mt/cmake/ros_mtConfig-version.cmake
[0.479s] -- Up-to-date symlink: /home/nik/prj/src/ros_mt/install/ros_mt/share/ros_mt/package.xml
[0.481s] Invoked command in '/home/nik/prj/src/ros_mt/build/ros_mt' returned '0': CMAKE_PREFIX_PATH=${CMAKE_PREFIX_PATH}:/opt/ros/jazzy DEBUGINFOD_URLS=https://debuginfod.ubuntu.com /usr/bin/cmake --install /home/nik/prj/src/ros_mt/build/ros_mt
