-- The C compiler identification is GNU 13.3.0
-- The CXX compiler identification is GNU 13.3.0
-- Detecting C compiler ABI info
-- Detecting C compiler ABI info - done
-- Check for working C compiler: /usr/bin/cc - skipped
-- Detecting C compile features
-- Detecting C compile features - done
-- Detecting CXX compiler ABI info
-- Detecting CXX compiler ABI info - done
-- Check for working CXX compiler: /usr/bin/c++ - skipped
-- Detecting CXX compile features
-- Detecting CXX compile features - done
-- Found ament_cmake: 2.5.3 (/opt/ros/jazzy/share/ament_cmake/cmake)
-- Found Python3: /usr/bin/python3 (found version "3.12.3") found components: Interpreter 
-- Override CMake install command with custom implementation using symlinks instead of copying resources
-- Found ament_lint_auto: 0.17.1 (/opt/ros/jazzy/share/ament_lint_auto/cmake)
-- Added test 'copyright' to check source files copyright and LICENSE
-- Added test 'cppcheck' to perform static code analysis on C / C++ code
-- Configured cppcheck include dirs: 
-- Configured cppcheck exclude dirs and/or files: 
-- Added test 'cpplint' to check C / C++ code against the Google style
-- Configured cpplint exclude dirs and/or files: 
-- Added test 'flake8' to check Python code syntax and style conventions
-- Configured 'flake8' exclude dirs and/or files: 
-- Added test 'lint_cmake' to check CMake code style
-- Added test 'pep257' to check Python code against some of the docstring style conventions in PEP 257
-- Added test 'uncrustify' to check C / C++ code style
-- Configured uncrustify additional arguments: 
-- Added test 'xmllint' to check XML markup files
-- Configuring done (0.9s)
-- Generating done (0.0s)
-- Build files have been written to: /home/nik/prj/src/ros_mt/build/ros_mt
-- Install configuration: ""
-- Execute custom install script
-- Symlinking: /home/nik/prj/src/ros_mt/install/ros_mt/share/ros_mt/config/config/controllers.yaml
-- Symlinking: /home/nik/prj/src/ros_mt/install/ros_mt/share/ros_mt/config/gz_bridge.yaml.yaml
-- Symlinking: /home/nik/prj/src/ros_mt/install/ros_mt/share/ros_mt/config/robot.rviz
-- Symlinking: /home/nik/prj/src/ros_mt/install/ros_mt/share/ros_mt/description/gazebo_control.xacro
-- Symlinking: /home/nik/prj/src/ros_mt/install/ros_mt/share/ros_mt/description/robot.urdf.xacro
-- Symlinking: /home/nik/prj/src/ros_mt/install/ros_mt/share/ros_mt/description/robot_model.xacro
-- Symlinking: /home/nik/prj/src/ros_mt/install/ros_mt/share/ros_mt/launch/build/.built_by
-- Symlinking: /home/nik/prj/src/ros_mt/install/ros_mt/share/ros_mt/launch/build/COLCON_IGNORE
-- Symlinking: /home/nik/prj/src/ros_mt/install/ros_mt/share/ros_mt/launch/install/.colcon_install_layout
-- Symlinking: /home/nik/prj/src/ros_mt/install/ros_mt/share/ros_mt/launch/install/COLCON_IGNORE
-- Symlinking: /home/nik/prj/src/ros_mt/install/ros_mt/share/ros_mt/launch/install/_local_setup_util_ps1.py
-- Symlinking: /home/nik/prj/src/ros_mt/install/ros_mt/share/ros_mt/launch/install/_local_setup_util_sh.py
-- Symlinking: /home/nik/prj/src/ros_mt/install/ros_mt/share/ros_mt/launch/install/local_setup.bash
-- Symlinking: /home/nik/prj/src/ros_mt/install/ros_mt/share/ros_mt/launch/install/local_setup.ps1
-- Symlinking: /home/nik/prj/src/ros_mt/install/ros_mt/share/ros_mt/launch/install/local_setup.sh
-- Symlinking: /home/nik/prj/src/ros_mt/install/ros_mt/share/ros_mt/launch/install/local_setup.zsh
-- Symlinking: /home/nik/prj/src/ros_mt/install/ros_mt/share/ros_mt/launch/install/setup.bash
-- Symlinking: /home/nik/prj/src/ros_mt/install/ros_mt/share/ros_mt/launch/install/setup.ps1
-- Symlinking: /home/nik/prj/src/ros_mt/install/ros_mt/share/ros_mt/launch/install/setup.sh
-- Symlinking: /home/nik/prj/src/ros_mt/install/ros_mt/share/ros_mt/launch/install/setup.zsh
-- Symlinking: /home/nik/prj/src/ros_mt/install/ros_mt/share/ros_mt/launch/launch_sim
-- Symlinking: /home/nik/prj/src/ros_mt/install/ros_mt/share/ros_mt/launch/launch_sim.launch.py
-- Symlinking: /home/nik/prj/src/ros_mt/install/ros_mt/share/ros_mt/launch/log/COLCON_IGNORE
-- Symlinking: /home/nik/prj/src/ros_mt/install/ros_mt/share/ros_mt/launch/log/build_2025-02-04_14-25-50/events.log
-- Symlinking: /home/nik/prj/src/ros_mt/install/ros_mt/share/ros_mt/launch/log/build_2025-02-04_14-25-50/logger_all.log
-- Symlinking: /home/nik/prj/src/ros_mt/install/ros_mt/share/ros_mt/launch/log/build_2025-02-04_14-26-50/events.log
-- Symlinking: /home/nik/prj/src/ros_mt/install/ros_mt/share/ros_mt/launch/log/build_2025-02-04_14-26-50/logger_all.log
-- Symlinking: /home/nik/prj/src/ros_mt/install/ros_mt/share/ros_mt/launch/log/latest_build/events.log
-- Symlinking: /home/nik/prj/src/ros_mt/install/ros_mt/share/ros_mt/launch/log/latest_build/logger_all.log
-- Symlinking: /home/nik/prj/src/ros_mt/install/ros_mt/share/ros_mt/launch/rsp.launch.py
-- Symlinking: /home/nik/prj/src/ros_mt/install/ros_mt/share/ros_mt/worlds/empty.world
-- Symlinking: /home/nik/prj/src/ros_mt/install/ros_mt/share/ament_index/resource_index/package_run_dependencies/ros_mt
-- Symlinking: /home/nik/prj/src/ros_mt/install/ros_mt/share/ament_index/resource_index/parent_prefix_path/ros_mt
-- Symlinking: /home/nik/prj/src/ros_mt/install/ros_mt/share/ros_mt/environment/ament_prefix_path.sh
-- Symlinking: /home/nik/prj/src/ros_mt/install/ros_mt/share/ros_mt/environment/ament_prefix_path.dsv
-- Symlinking: /home/nik/prj/src/ros_mt/install/ros_mt/share/ros_mt/environment/path.sh
-- Symlinking: /home/nik/prj/src/ros_mt/install/ros_mt/share/ros_mt/environment/path.dsv
-- Symlinking: /home/nik/prj/src/ros_mt/install/ros_mt/share/ros_mt/local_setup.bash
-- Symlinking: /home/nik/prj/src/ros_mt/install/ros_mt/share/ros_mt/local_setup.sh
-- Symlinking: /home/nik/prj/src/ros_mt/install/ros_mt/share/ros_mt/local_setup.zsh
-- Symlinking: /home/nik/prj/src/ros_mt/install/ros_mt/share/ros_mt/local_setup.dsv
-- Symlinking: /home/nik/prj/src/ros_mt/install/ros_mt/share/ros_mt/package.dsv
-- Symlinking: /home/nik/prj/src/ros_mt/install/ros_mt/share/ament_index/resource_index/packages/ros_mt
-- Symlinking: /home/nik/prj/src/ros_mt/install/ros_mt/share/ros_mt/cmake/ros_mtConfig.cmake
-- Symlinking: /home/nik/prj/src/ros_mt/install/ros_mt/share/ros_mt/cmake/ros_mtConfig-version.cmake
-- Symlinking: /home/nik/prj/src/ros_mt/install/ros_mt/share/ros_mt/package.xml
